<?xml version="1.0" encoding="UTF-8"?>
<!-- Generated by org.testng.reporters.JUnitReportReporter -->
<testsuite hostname="Aparna" failures="0" tests="1" name="testcases.TC001_AccountRegistrationPage" time="2.620" errors="0" timestamp="2025-02-18T16:40:17 GMT-08:00" skipped="0">
  <testcase classname="testcases.TC001_AccountRegistrationPage" name="test" time="2.620"/>
</testsuite> <!-- testcases.TC001_AccountRegistrationPage -->
