<?xml version="1.0" encoding="UTF-8"?>
<!-- Generated by org.testng.reporters.JUnitReportReporter -->
<testsuite hostname="Aparna" failures="0" tests="1" name="testcases.Login" time="2.674" errors="0" timestamp="2025-02-16T14:40:44 GMT-08:00" skipped="0">
  <testcase classname="testcases.Login" name="test" time="2.674"/>
</testsuite> <!-- testcases.Login -->
