<?xml version="1.0" encoding="UTF-8"?>
<!-- Generated by org.testng.reporters.JUnitReportReporter -->
<testsuite hostname="Aparna" failures="0" tests="1" name="testcases.TC002_Login" time="2.080" errors="0" timestamp="2025-02-18T16:40:17 GMT-08:00" skipped="0">
  <testcase classname="testcases.TC002_Login" name="verifyLogin" time="2.080"/>
</testsuite> <!-- testcases.TC002_Login -->
